Build started 10-05-2016 03:49:20.
     1>Project "C:\Users\BHUBAN\Desktop\b_tech_fin\dlib_build\dlib.vcxproj" on node 2 (Build target(s)).
     1>CustomBuild:
         Building Custom Rule C:/Users/BHUBAN/Downloads/dlib-18.18/dlib-18.18/dlib/CMakeLists.txt
         CMake does not need to re-run because C:\Users\BHUBAN\Desktop\b_tech_fin\dlib_build\CMakeFiles\generate.stamp is up-to-date.
       ClCompile:
         C:\Program Files (x86)\Microsoft Visual Studio 12.0\VC\bin\CL.exe /c /I"C:\Users\BHUBAN\Downloads\dlib-18.18\dlib-18.18\dlib\.." /I"C:\Users\BHUBAN\Downloads\dlib-18.18\dlib-18.18\dlib\external\libpng" /I"C:\Users\BHUBAN\Downloads\dlib-18.18\dlib-18.18\dlib\external\zlib" /nologo /W3 /WX- /O2 /Ob2 /Oy- /D WIN32 /D _WINDOWS /D DLIB_PNG_SUPPORT /D DLIB_JPEG_SUPPORT /D NDEBUG /D DLIB_HAVE_SSE2 /D DLIB_JPEG_STATIC /D "CMAKE_INTDIR=\"Release\"" /D _MBCS /Gm- /EHsc /MD /GS /arch:SSE2 /fp:precise /Zc:wchar_t /Zc:forScope /GR /Fo"dlib.dir\Release\\" /Fd"dlib.dir\Release\vc120.pdb" /Gd /TP /analyze- /errorReport:prompt "C:\Users\BHUBAN\Downloads\dlib-18.18\dlib-18.18\dlib\base64\base64_kernel_1.cpp" "C:\Users\BHUBAN\Downloads\dlib-18.18\dlib-18.18\dlib\bigint\bigint_kernel_1.cpp" "C:\Users\BHUBAN\Downloads\dlib-18.18\dlib-18.18\dlib\bigint\bigint_kernel_2.cpp" "C:\Users\BHUBAN\Downloads\dlib-18.18\dlib-18.18\dlib\bit_stream\bit_stream_kernel_1.cpp" "C:\Users\BHUBAN\Downloads\dlib-18.18\dlib-18.18\dlib\entropy_decoder\entropy_decoder_kernel_1.cpp" "C:\Users\BHUBAN\Downloads\dlib-18.18\dlib-18.18\dlib\entropy_decoder\entropy_decoder_kernel_2.cpp" "C:\Users\BHUBAN\Downloads\dlib-18.18\dlib-18.18\dlib\entropy_encoder\entropy_encoder_kernel_1.cpp" "C:\Users\BHUBAN\Downloads\dlib-18.18\dlib-18.18\dlib\entropy_encoder\entropy_encoder_kernel_2.cpp" "C:\Users\BHUBAN\Downloads\dlib-18.18\dlib-18.18\dlib\md5\md5_kernel_1.cpp" "C:\Users\BHUBAN\Downloads\dlib-18.18\dlib-18.18\dlib\tokenizer\tokenizer_kernel_1.cpp" "C:\Users\BHUBAN\Downloads\dlib-18.18\dlib-18.18\dlib\unicode\unicode.cpp" "C:\Users\BHUBAN\Downloads\dlib-18.18\dlib-18.18\dlib\data_io\image_dataset_metadata.cpp" "C:\Users\BHUBAN\Downloads\dlib-18.18\dlib-18.18\dlib\sockets\sockets_kernel_1.cpp" "C:\Users\BHUBAN\Downloads\dlib-18.18\dlib-18.18\dlib\bsp\bsp.cpp" "C:\Users\BHUBAN\Downloads\dlib-18.18\dlib-18.18\dlib\dir_nav\dir_nav_kernel_1.cpp" "C:\Users\BHUBAN\Downloads\dlib-18.18\dlib-18.18\dlib\dir_nav\dir_nav_kernel_2.cpp" "C:\Users\BHUBAN\Downloads\dlib-18.18\dlib-18.18\dlib\dir_nav\dir_nav_extensions.cpp" "C:\Users\BHUBAN\Downloads\dlib-18.18\dlib-18.18\dlib\linker\linker_kernel_1.cpp" "C:\Users\BHUBAN\Downloads\dlib-18.18\dlib-18.18\dlib\logger\extra_logger_headers.cpp" "C:\Users\BHUBAN\Downloads\dlib-18.18\dlib-18.18\dlib\logger\logger_kernel_1.cpp" "C:\Users\BHUBAN\Downloads\dlib-18.18\dlib-18.18\dlib\logger\logger_config_file.cpp" "C:\Users\BHUBAN\Downloads\dlib-18.18\dlib-18.18\dlib\misc_api\misc_api_kernel_1.cpp" "C:\Users\BHUBAN\Downloads\dlib-18.18\dlib-18.18\dlib\misc_api\misc_api_kernel_2.cpp" "C:\Users\BHUBAN\Downloads\dlib-18.18\dlib-18.18\dlib\sockets\sockets_extensions.cpp" "C:\Users\BHUBAN\Downloads\dlib-18.18\dlib-18.18\dlib\sockets\sockets_kernel_2.cpp" "C:\Users\BHUBAN\Downloads\dlib-18.18\dlib-18.18\dlib\sockstreambuf\sockstreambuf.cpp" "C:\Users\BHUBAN\Downloads\dlib-18.18\dlib-18.18\dlib\sockstreambuf\sockstreambuf_unbuffered.cpp" "C:\Users\BHUBAN\Downloads\dlib-18.18\dlib-18.18\dlib\server\server_kernel.cpp" "C:\Users\BHUBAN\Downloads\dlib-18.18\dlib-18.18\dlib\server\server_iostream.cpp" "C:\Users\BHUBAN\Downloads\dlib-18.18\dlib-18.18\dlib\server\server_http.cpp" "C:\Users\BHUBAN\Downloads\dlib-18.18\dlib-18.18\dlib\threads\multithreaded_object_extension.cpp" "C:\Users\BHUBAN\Downloads\dlib-18.18\dlib-18.18\dlib\threads\threaded_object_extension.cpp" "C:\Users\BHUBAN\Downloads\dlib-18.18\dlib-18.18\dlib\threads\threads_kernel_1.cpp" "C:\Users\BHUBAN\Downloads\dlib-18.18\dlib-18.18\dlib\threads\threads_kernel_2.cpp" "C:\Users\BHUBAN\Downloads\dlib-18.18\dlib-18.18\dlib\threads\threads_kernel_shared.cpp" "C:\Users\BHUBAN\Downloads\dlib-18.18\dlib-18.18\dlib\threads\thread_pool_extension.cpp" "C:\Users\BHUBAN\Downloads\dlib-18.18\dlib-18.18\dlib\timer\timer.cpp" "C:\Users\BHUBAN\Downloads\dlib-18.18\dlib-18.18\dlib\stack_trace.cpp" "C:\Users\BHUBAN\Downloads\dlib-18.18\dlib-18.18\dlib\gui_widgets\fonts.cpp" "C:\Users\BHUBAN\Downloads\dlib-18.18\dlib-18.18\dlib\gui_widgets\widgets.cpp" "C:\Users\BHUBAN\Downloads\dlib-18.18\dlib-18.18\dlib\gui_widgets\drawable.cpp" "C:\Users\BHUBAN\Downloads\dlib-18.18\dlib-18.18\dlib\gui_widgets\canvas_drawing.cpp" "C:\Users\BHUBAN\Downloads\dlib-18.18\dlib-18.18\dlib\gui_widgets\style.cpp" "C:\Users\BHUBAN\Downloads\dlib-18.18\dlib-18.18\dlib\gui_widgets\base_widgets.cpp" "C:\Users\BHUBAN\Downloads\dlib-18.18\dlib-18.18\dlib\gui_core\gui_core_kernel_1.cpp" "C:\Users\BHUBAN\Downloads\dlib-18.18\dlib-18.18\dlib\gui_core\gui_core_kernel_2.cpp" "C:\Users\BHUBAN\Downloads\dlib-18.18\dlib-18.18\dlib\image_loader\png_loader.cpp" "C:\Users\BHUBAN\Downloads\dlib-18.18\dlib-18.18\dlib\image_saver\save_png.cpp" "C:\Users\BHUBAN\Downloads\dlib-18.18\dlib-18.18\dlib\external\libjpeg\jcomapi.cpp" "C:\Users\BHUBAN\Downloads\dlib-18.18\dlib-18.18\dlib\external\libjpeg\jdapimin.cpp" "C:\Users\BHUBAN\Downloads\dlib-18.18\dlib-18.18\dlib\external\libjpeg\jdapistd.cpp" "C:\Users\BHUBAN\Downloads\dlib-18.18\dlib-18.18\dlib\external\libjpeg\jdatasrc.cpp" "C:\Users\BHUBAN\Downloads\dlib-18.18\dlib-18.18\dlib\external\libjpeg\jdcoefct.cpp" "C:\Users\BHUBAN\Downloads\dlib-18.18\dlib-18.18\dlib\external\libjpeg\jdcolor.cpp" "C:\Users\BHUBAN\Downloads\dlib-18.18\dlib-18.18\dlib\external\libjpeg\jddctmgr.cpp" "C:\Users\BHUBAN\Downloads\dlib-18.18\dlib-18.18\dlib\external\libjpeg\jdhuff.cpp" "C:\Users\BHUBAN\Downloads\dlib-18.18\dlib-18.18\dlib\external\libjpeg\jdinput.cpp" "C:\Users\BHUBAN\Downloads\dlib-18.18\dlib-18.18\dlib\external\libjpeg\jdmainct.cpp" "C:\Users\BHUBAN\Downloads\dlib-18.18\dlib-18.18\dlib\external\libjpeg\jdmarker.cpp" "C:\Users\BHUBAN\Downloads\dlib-18.18\dlib-18.18\dlib\external\libjpeg\jdmaster.cpp" "C:\Users\BHUBAN\Downloads\dlib-18.18\dlib-18.18\dlib\external\libjpeg\jdmerge.cpp" "C:\Users\BHUBAN\Downloads\dlib-18.18\dlib-18.18\dlib\external\libjpeg\jdphuff.cpp" "C:\Users\BHUBAN\Downloads\dlib-18.18\dlib-18.18\dlib\external\libjpeg\jdpostct.cpp" "C:\Users\BHUBAN\Downloads\dlib-18.18\dlib-18.18\dlib\external\libjpeg\jdsample.cpp" "C:\Users\BHUBAN\Downloads\dlib-18.18\dlib-18.18\dlib\external\libjpeg\jerror.cpp" "C:\Users\BHUBAN\Downloads\dlib-18.18\dlib-18.18\dlib\external\libjpeg\jidctflt.cpp" "C:\Users\BHUBAN\Downloads\dlib-18.18\dlib-18.18\dlib\external\libjpeg\jidctfst.cpp" "C:\Users\BHUBAN\Downloads\dlib-18.18\dlib-18.18\dlib\external\libjpeg\jidctint.cpp" "C:\Users\BHUBAN\Downloads\dlib-18.18\dlib-18.18\dlib\external\libjpeg\jidctred.cpp" "C:\Users\BHUBAN\Downloads\dlib-18.18\dlib-18.18\dlib\external\libjpeg\jmemmgr.cpp" "C:\Users\BHUBAN\Downloads\dlib-18.18\dlib-18.18\dlib\external\libjpeg\jmemnobs.cpp" "C:\Users\BHUBAN\Downloads\dlib-18.18\dlib-18.18\dlib\external\libjpeg\jquant1.cpp" "C:\Users\BHUBAN\Downloads\dlib-18.18\dlib-18.18\dlib\external\libjpeg\jquant2.cpp" "C:\Users\BHUBAN\Downloads\dlib-18.18\dlib-18.18\dlib\external\libjpeg\jutils.cpp" "C:\Users\BHUBAN\Downloads\dlib-18.18\dlib-18.18\dlib\external\libjpeg\jcapimin.cpp" "C:\Users\BHUBAN\Downloads\dlib-18.18\dlib-18.18\dlib\external\libjpeg\jdatadst.cpp" "C:\Users\BHUBAN\Downloads\dlib-18.18\dlib-18.18\dlib\external\libjpeg\jcparam.cpp" "C:\Users\BHUBAN\Downloads\dlib-18.18\dlib-18.18\dlib\external\libjpeg\jcapistd.cpp" "C:\Users\BHUBAN\Downloads\dlib-18.18\dlib-18.18\dlib\external\libjpeg\jcmarker.cpp" "C:\Users\BHUBAN\Downloads\dlib-18.18\dlib-18.18\dlib\external\libjpeg\jcinit.cpp" "C:\Users\BHUBAN\Downloads\dlib-18.18\dlib-18.18\dlib\external\libjpeg\jcmaster.cpp" "C:\Users\BHUBAN\Downloads\dlib-18.18\dlib-18.18\dlib\external\libjpeg\jcdctmgr.cpp" "C:\Users\BHUBAN\Downloads\dlib-18.18\dlib-18.18\dlib\external\libjpeg\jccoefct.cpp" "C:\Users\BHUBAN\Downloads\dlib-18.18\dlib-18.18\dlib\external\libjpeg\jccolor.cpp" "C:\Users\BHUBAN\Downloads\dlib-18.18\dlib-18.18\dlib\external\libjpeg\jchuff.cpp" "C:\Users\BHUBAN\Downloads\dlib-18.18\dlib-18.18\dlib\external\libjpeg\jcmainct.cpp" "C:\Users\BHUBAN\Downloads\dlib-18.18\dlib-18.18\dlib\external\libjpeg\jcphuff.cpp" "C:\Users\BHUBAN\Downloads\dlib-18.18\dlib-18.18\dlib\external\libjpeg\jcprepct.cpp" "C:\Users\BHUBAN\Downloads\dlib-18.18\dlib-18.18\dlib\external\libjpeg\jcsample.cpp" "C:\Users\BHUBAN\Downloads\dlib-18.18\dlib-18.18\dlib\external\libjpeg\jfdctint.cpp" "C:\Users\BHUBAN\Downloads\dlib-18.18\dlib-18.18\dlib\external\libjpeg\jfdctflt.cpp" "C:\Users\BHUBAN\Downloads\dlib-18.18\dlib-18.18\dlib\external\libjpeg\jfdctfst.cpp" "C:\Users\BHUBAN\Downloads\dlib-18.18\dlib-18.18\dlib\image_loader\jpeg_loader.cpp" "C:\Users\BHUBAN\Downloads\dlib-18.18\dlib-18.18\dlib\image_saver\save_jpeg.cpp"
         base64_kernel_1.cpp
         bigint_kernel_1.cpp
         bigint_kernel_2.cpp
         bit_stream_kernel_1.cpp
         entropy_decoder_kernel_1.cpp
         entropy_decoder_kernel_2.cpp
         entropy_encoder_kernel_1.cpp
         entropy_encoder_kernel_2.cpp
         md5_kernel_1.cpp
         tokenizer_kernel_1.cpp
         unicode.cpp
         image_dataset_metadata.cpp
         sockets_kernel_1.cpp
         bsp.cpp
         dir_nav_kernel_1.cpp
         dir_nav_kernel_2.cpp
         dir_nav_extensions.cpp
         linker_kernel_1.cpp
         extra_logger_headers.cpp
         logger_kernel_1.cpp
         Generating Code...
         Compiling...
         logger_config_file.cpp
         misc_api_kernel_1.cpp
         misc_api_kernel_2.cpp
         sockets_extensions.cpp
         sockets_kernel_2.cpp
         sockstreambuf.cpp
         sockstreambuf_unbuffered.cpp
         server_kernel.cpp
         server_iostream.cpp
         server_http.cpp
         multithreaded_object_extension.cpp
         threaded_object_extension.cpp
         threads_kernel_1.cpp
         threads_kernel_2.cpp
         threads_kernel_shared.cpp
         thread_pool_extension.cpp
         timer.cpp
         stack_trace.cpp
         fonts.cpp
         widgets.cpp
         Generating Code...
         Compiling...
         drawable.cpp
         canvas_drawing.cpp
         style.cpp
         base_widgets.cpp
         gui_core_kernel_1.cpp
         gui_core_kernel_2.cpp
         png_loader.cpp
         save_png.cpp
         jcomapi.cpp
         jdapimin.cpp
         jdapistd.cpp
         jdatasrc.cpp
         jdcoefct.cpp
         jdcolor.cpp
         jddctmgr.cpp
         jdhuff.cpp
         jdinput.cpp
         jdmainct.cpp
         jdmarker.cpp
         jdmaster.cpp
         Generating Code...
         Compiling...
         jdmerge.cpp
         jdphuff.cpp
         jdpostct.cpp
         jdsample.cpp
         jerror.cpp
         jidctflt.cpp
         jidctfst.cpp
         jidctint.cpp
         jidctred.cpp
         jmemmgr.cpp
         jmemnobs.cpp
         jquant1.cpp
         jquant2.cpp
         jutils.cpp
         jcapimin.cpp
         jdatadst.cpp
         jcparam.cpp
         jcapistd.cpp
         jcmarker.cpp
         jcinit.cpp
         Generating Code...
         Compiling...
         jcmaster.cpp
         jcdctmgr.cpp
         jccoefct.cpp
         jccolor.cpp
         jchuff.cpp
         jcmainct.cpp
         jcphuff.cpp
         jcprepct.cpp
         jcsample.cpp
         jfdctint.cpp
         jfdctflt.cpp
         jfdctfst.cpp
         jpeg_loader.cpp
         save_jpeg.cpp
         Generating Code...
         C:\Program Files (x86)\Microsoft Visual Studio 12.0\VC\bin\CL.exe /c /I"C:\Users\BHUBAN\Downloads\dlib-18.18\dlib-18.18\dlib\.." /I"C:\Users\BHUBAN\Downloads\dlib-18.18\dlib-18.18\dlib\external\libpng" /I"C:\Users\BHUBAN\Downloads\dlib-18.18\dlib-18.18\dlib\external\zlib" /nologo /W3 /WX- /O2 /Ob2 /Oy- /D WIN32 /D _WINDOWS /D DLIB_PNG_SUPPORT /D DLIB_JPEG_SUPPORT /D NDEBUG /D DLIB_HAVE_SSE2 /D DLIB_JPEG_STATIC /D "CMAKE_INTDIR=\"Release\"" /D _MBCS /Gm- /EHsc /MD /GS /arch:SSE2 /fp:precise /Zc:wchar_t /Zc:forScope /GR /Fo"dlib.dir\Release\\" /Fd"dlib.dir\Release\vc120.pdb" /Gd /TC /analyze- /errorReport:prompt "C:\Users\BHUBAN\Downloads\dlib-18.18\dlib-18.18\dlib\external\libpng\png.c" "C:\Users\BHUBAN\Downloads\dlib-18.18\dlib-18.18\dlib\external\libpng\pngerror.c" "C:\Users\BHUBAN\Downloads\dlib-18.18\dlib-18.18\dlib\external\libpng\pngget.c" "C:\Users\BHUBAN\Downloads\dlib-18.18\dlib-18.18\dlib\external\libpng\pngmem.c" "C:\Users\BHUBAN\Downloads\dlib-18.18\dlib-18.18\dlib\external\libpng\pngpread.c" "C:\Users\BHUBAN\Downloads\dlib-18.18\dlib-18.18\dlib\external\libpng\pngread.c" "C:\Users\BHUBAN\Downloads\dlib-18.18\dlib-18.18\dlib\external\libpng\pngrio.c" "C:\Users\BHUBAN\Downloads\dlib-18.18\dlib-18.18\dlib\external\libpng\pngrtran.c" "C:\Users\BHUBAN\Downloads\dlib-18.18\dlib-18.18\dlib\external\libpng\pngrutil.c" "C:\Users\BHUBAN\Downloads\dlib-18.18\dlib-18.18\dlib\external\libpng\pngset.c" "C:\Users\BHUBAN\Downloads\dlib-18.18\dlib-18.18\dlib\external\libpng\pngtrans.c" "C:\Users\BHUBAN\Downloads\dlib-18.18\dlib-18.18\dlib\external\libpng\pngwio.c" "C:\Users\BHUBAN\Downloads\dlib-18.18\dlib-18.18\dlib\external\libpng\pngwrite.c" "C:\Users\BHUBAN\Downloads\dlib-18.18\dlib-18.18\dlib\external\libpng\pngwtran.c" "C:\Users\BHUBAN\Downloads\dlib-18.18\dlib-18.18\dlib\external\libpng\pngwutil.c" "C:\Users\BHUBAN\Downloads\dlib-18.18\dlib-18.18\dlib\external\zlib\adler32.c" "C:\Users\BHUBAN\Downloads\dlib-18.18\dlib-18.18\dlib\external\zlib\compress.c" "C:\Users\BHUBAN\Downloads\dlib-18.18\dlib-18.18\dlib\external\zlib\crc32.c" "C:\Users\BHUBAN\Downloads\dlib-18.18\dlib-18.18\dlib\external\zlib\deflate.c" "C:\Users\BHUBAN\Downloads\dlib-18.18\dlib-18.18\dlib\external\zlib\gzclose.c" "C:\Users\BHUBAN\Downloads\dlib-18.18\dlib-18.18\dlib\external\zlib\gzlib.c" "C:\Users\BHUBAN\Downloads\dlib-18.18\dlib-18.18\dlib\external\zlib\gzread.c" "C:\Users\BHUBAN\Downloads\dlib-18.18\dlib-18.18\dlib\external\zlib\gzwrite.c" "C:\Users\BHUBAN\Downloads\dlib-18.18\dlib-18.18\dlib\external\zlib\infback.c" "C:\Users\BHUBAN\Downloads\dlib-18.18\dlib-18.18\dlib\external\zlib\inffast.c" "C:\Users\BHUBAN\Downloads\dlib-18.18\dlib-18.18\dlib\external\zlib\inflate.c" "C:\Users\BHUBAN\Downloads\dlib-18.18\dlib-18.18\dlib\external\zlib\inftrees.c" "C:\Users\BHUBAN\Downloads\dlib-18.18\dlib-18.18\dlib\external\zlib\trees.c" "C:\Users\BHUBAN\Downloads\dlib-18.18\dlib-18.18\dlib\external\zlib\uncompr.c" "C:\Users\BHUBAN\Downloads\dlib-18.18\dlib-18.18\dlib\external\zlib\zutil.c"
         png.c
         pngerror.c
         pngget.c
         pngmem.c
         pngpread.c
         pngread.c
         pngrio.c
         pngrtran.c
         pngrutil.c
         pngset.c
         pngtrans.c
         pngwio.c
         pngwrite.c
         pngwtran.c
         pngwutil.c
         adler32.c
         compress.c
         crc32.c
         deflate.c
         gzclose.c
         Generating Code...
         Compiling...
         gzlib.c
         gzread.c
         gzwrite.c
         infback.c
         inffast.c
         inflate.c
         inftrees.c
         trees.c
         uncompr.c
         zutil.c
         Generating Code...
       Lib:
         C:\Program Files (x86)\Microsoft Visual Studio 12.0\VC\bin\Lib.exe /OUT:"C:\Users\BHUBAN\Desktop\b_tech_fin\dlib_build\Release\dlib.lib" /NOLOGO  /machine:X86 dlib.dir\Release\base64_kernel_1.obj
         dlib.dir\Release\bigint_kernel_1.obj
         dlib.dir\Release\bigint_kernel_2.obj
         dlib.dir\Release\bit_stream_kernel_1.obj
         dlib.dir\Release\entropy_decoder_kernel_1.obj
         dlib.dir\Release\entropy_decoder_kernel_2.obj
         dlib.dir\Release\entropy_encoder_kernel_1.obj
         dlib.dir\Release\entropy_encoder_kernel_2.obj
         dlib.dir\Release\md5_kernel_1.obj
         dlib.dir\Release\tokenizer_kernel_1.obj
         dlib.dir\Release\unicode.obj
         dlib.dir\Release\image_dataset_metadata.obj
         dlib.dir\Release\sockets_kernel_1.obj
         dlib.dir\Release\bsp.obj
         dlib.dir\Release\dir_nav_kernel_1.obj
         dlib.dir\Release\dir_nav_kernel_2.obj
         dlib.dir\Release\dir_nav_extensions.obj
         dlib.dir\Release\linker_kernel_1.obj
         dlib.dir\Release\extra_logger_headers.obj
         dlib.dir\Release\logger_kernel_1.obj
         dlib.dir\Release\logger_config_file.obj
         dlib.dir\Release\misc_api_kernel_1.obj
         dlib.dir\Release\misc_api_kernel_2.obj
         dlib.dir\Release\sockets_extensions.obj
         dlib.dir\Release\sockets_kernel_2.obj
         dlib.dir\Release\sockstreambuf.obj
         dlib.dir\Release\sockstreambuf_unbuffered.obj
         dlib.dir\Release\server_kernel.obj
         dlib.dir\Release\server_iostream.obj
         dlib.dir\Release\server_http.obj
         dlib.dir\Release\multithreaded_object_extension.obj
         dlib.dir\Release\threaded_object_extension.obj
         dlib.dir\Release\threads_kernel_1.obj
         dlib.dir\Release\threads_kernel_2.obj
         dlib.dir\Release\threads_kernel_shared.obj
         dlib.dir\Release\thread_pool_extension.obj
         dlib.dir\Release\timer.obj
         dlib.dir\Release\stack_trace.obj
         dlib.dir\Release\fonts.obj
         dlib.dir\Release\widgets.obj
         dlib.dir\Release\drawable.obj
         dlib.dir\Release\canvas_drawing.obj
         dlib.dir\Release\style.obj
         dlib.dir\Release\base_widgets.obj
         dlib.dir\Release\gui_core_kernel_1.obj
         dlib.dir\Release\gui_core_kernel_2.obj
         dlib.dir\Release\png.obj
         dlib.dir\Release\pngerror.obj
         dlib.dir\Release\pngget.obj
         dlib.dir\Release\pngmem.obj
         dlib.dir\Release\pngpread.obj
         dlib.dir\Release\pngread.obj
         dlib.dir\Release\pngrio.obj
         dlib.dir\Release\pngrtran.obj
         dlib.dir\Release\pngrutil.obj
         dlib.dir\Release\pngset.obj
         dlib.dir\Release\pngtrans.obj
         dlib.dir\Release\pngwio.obj
         dlib.dir\Release\pngwrite.obj
         dlib.dir\Release\pngwtran.obj
         dlib.dir\Release\pngwutil.obj
         dlib.dir\Release\adler32.obj
         dlib.dir\Release\compress.obj
         dlib.dir\Release\crc32.obj
         dlib.dir\Release\deflate.obj
         dlib.dir\Release\gzclose.obj
         dlib.dir\Release\gzlib.obj
         dlib.dir\Release\gzread.obj
         dlib.dir\Release\gzwrite.obj
         dlib.dir\Release\infback.obj
         dlib.dir\Release\inffast.obj
         dlib.dir\Release\inflate.obj
         dlib.dir\Release\inftrees.obj
         dlib.dir\Release\trees.obj
         dlib.dir\Release\uncompr.obj
         dlib.dir\Release\zutil.obj
         dlib.dir\Release\png_loader.obj
         dlib.dir\Release\save_png.obj
         dlib.dir\Release\jcomapi.obj
         dlib.dir\Release\jdapimin.obj
         dlib.dir\Release\jdapistd.obj
         dlib.dir\Release\jdatasrc.obj
         dlib.dir\Release\jdcoefct.obj
         dlib.dir\Release\jdcolor.obj
         dlib.dir\Release\jddctmgr.obj
         dlib.dir\Release\jdhuff.obj
         dlib.dir\Release\jdinput.obj
         dlib.dir\Release\jdmainct.obj
         dlib.dir\Release\jdmarker.obj
         dlib.dir\Release\jdmaster.obj
         dlib.dir\Release\jdmerge.obj
         dlib.dir\Release\jdphuff.obj
         dlib.dir\Release\jdpostct.obj
         dlib.dir\Release\jdsample.obj
         dlib.dir\Release\jerror.obj
         dlib.dir\Release\jidctflt.obj
         dlib.dir\Release\jidctfst.obj
         dlib.dir\Release\jidctint.obj
         dlib.dir\Release\jidctred.obj
         dlib.dir\Release\jmemmgr.obj
         dlib.dir\Release\jmemnobs.obj
         dlib.dir\Release\jquant1.obj
         dlib.dir\Release\jquant2.obj
         dlib.dir\Release\jutils.obj
         dlib.dir\Release\jcapimin.obj
         dlib.dir\Release\jdatadst.obj
         dlib.dir\Release\jcparam.obj
         dlib.dir\Release\jcapistd.obj
         dlib.dir\Release\jcmarker.obj
         dlib.dir\Release\jcinit.obj
         dlib.dir\Release\jcmaster.obj
         dlib.dir\Release\jcdctmgr.obj
         dlib.dir\Release\jccoefct.obj
         dlib.dir\Release\jccolor.obj
         dlib.dir\Release\jchuff.obj
         dlib.dir\Release\jcmainct.obj
         dlib.dir\Release\jcphuff.obj
         dlib.dir\Release\jcprepct.obj
         dlib.dir\Release\jcsample.obj
         dlib.dir\Release\jfdctint.obj
         dlib.dir\Release\jfdctflt.obj
         dlib.dir\Release\jfdctfst.obj
         dlib.dir\Release\jpeg_loader.obj
         dlib.dir\Release\save_jpeg.obj
         dlib.vcxproj -> C:\Users\BHUBAN\Desktop\b_tech_fin\dlib_build\Release\dlib.lib
     1>Done Building Project "C:\Users\BHUBAN\Desktop\b_tech_fin\dlib_build\dlib.vcxproj" (Build target(s)).

Build succeeded.

Time Elapsed 00:02:19.07
